{"numTotalTestSuites":2,"numPassedTestSuites":2,"numFailedTestSuites":0,"numPendingTestSuites":0,"numTotalTests":1,"numPassedTests":1,"numFailedTests":0,"numPendingTests":0,"numTodoTests":0,"snapshot":{"added":0,"failure":false,"filesAdded":0,"filesRemoved":0,"filesRemovedList":[],"filesUnmatched":0,"filesUpdated":0,"matched":0,"total":0,"unchecked":0,"uncheckedKeysByFile":[],"unmatched":0,"updated":0,"didUpdate":false},"startTime":1721131273350,"success":true,"testResults":[{"assertionResults":[{"ancestorTitles":["testing function possibleMentorsForModule"],"fullName":"testing function possibleMentorsForModule Check if function returns array","status":"passed","title":"Check if function returns array","duration":1,"failureMessages":[],"meta":{}}],"startTime":1721131285945,"endTime":1721131285946,"status":"passed","message":"","name":"D:/Projects/HYF-js-week-1/week-3/week-3.test.js"}]}